C:\PROJECTS\SAMPLE_READWRITE\SAMPLE_READWRITE\DEBUG\SAMPLE_READWRITE.EXE
C:\PROJECTS\SAMPLE_READWRITE\SAMPLE_READWRITE\DEBUG\SAMPLE_READWRITE.ILK
C:\PROJECTS\SAMPLE_READWRITE\SAMPLE_READWRITE\DEBUG\SAMPLE_READWRITE.PDB
C:\Projects\sample_readwrite\sample_readwrite\sample_readwrite\Debug\cl.command.1.tlog
C:\Projects\sample_readwrite\sample_readwrite\sample_readwrite\Debug\CL.read.1.tlog
C:\Projects\sample_readwrite\sample_readwrite\sample_readwrite\Debug\CL.write.1.tlog
C:\Projects\sample_readwrite\sample_readwrite\sample_readwrite\Debug\link.10812.read.1.tlog
C:\Projects\sample_readwrite\sample_readwrite\sample_readwrite\Debug\link.10812.write.1.tlog
C:\Projects\sample_readwrite\sample_readwrite\sample_readwrite\Debug\link.10812-cvtres.read.1.tlog
C:\Projects\sample_readwrite\sample_readwrite\sample_readwrite\Debug\link.10812-cvtres.write.1.tlog
C:\Projects\sample_readwrite\sample_readwrite\sample_readwrite\Debug\link.command.1.tlog
C:\Projects\sample_readwrite\sample_readwrite\sample_readwrite\Debug\link.read.1.tlog
C:\Projects\sample_readwrite\sample_readwrite\sample_readwrite\Debug\link.write.1.tlog
C:\Projects\sample_readwrite\sample_readwrite\sample_readwrite\Debug\link-cvtres.read.1.tlog
C:\Projects\sample_readwrite\sample_readwrite\sample_readwrite\Debug\link-cvtres.write.1.tlog
C:\Projects\sample_readwrite\sample_readwrite\sample_readwrite\Debug\mt.command.1.tlog
C:\Projects\sample_readwrite\sample_readwrite\sample_readwrite\Debug\mt.read.1.tlog
C:\Projects\sample_readwrite\sample_readwrite\sample_readwrite\Debug\mt.write.1.tlog
C:\Projects\sample_readwrite\sample_readwrite\sample_readwrite\Debug\rc.command.1.tlog
C:\Projects\sample_readwrite\sample_readwrite\sample_readwrite\Debug\rc.read.1.tlog
C:\Projects\sample_readwrite\sample_readwrite\sample_readwrite\Debug\rc.write.1.tlog
C:\PROJECTS\SAMPLE_READWRITE\SAMPLE_READWRITE\SAMPLE_READWRITE\DEBUG\SAMPLE_READWRITE.EXE.EMBED.MANIFEST
C:\PROJECTS\SAMPLE_READWRITE\SAMPLE_READWRITE\SAMPLE_READWRITE\DEBUG\SAMPLE_READWRITE.EXE.EMBED.MANIFEST.RES
C:\PROJECTS\SAMPLE_READWRITE\SAMPLE_READWRITE\SAMPLE_READWRITE\DEBUG\SAMPLE_READWRITE.EXE.INTERMEDIATE.MANIFEST
C:\PROJECTS\SAMPLE_READWRITE\SAMPLE_READWRITE\SAMPLE_READWRITE\DEBUG\SAMPLE_READWRITE.OBJ
C:\Projects\sample_readwrite\sample_readwrite\sample_readwrite\Debug\sample_readwrite.vcxprojResolveAssemblyReference.cache
C:\Projects\sample_readwrite\sample_readwrite\sample_readwrite\Debug\sample_readwrite.write.1.tlog
C:\Projects\sample_readwrite\sample_readwrite\sample_readwrite\Debug\sample_readwrite_manifest.rc
C:\PROJECTS\SAMPLE_READWRITE\SAMPLE_READWRITE\SAMPLE_READWRITE\DEBUG\STDAFX.OBJ
C:\Projects\sample_readwrite\sample_readwrite\sample_readwrite\Debug\vc100.idb
C:\PROJECTS\SAMPLE_READWRITE\SAMPLE_READWRITE\SAMPLE_READWRITE\DEBUG\VC100.PDB
