Build started 2/29/2016 2:21:48 PM.
     1>Project "C:\Projects\sample_readwrite\sample_readwrite\sample_readwrite\sample_readwrite.vcxproj" on node 2 (build target(s)).
     1>InitializeBuildStatus:
         Creating "Debug\sample_readwrite.unsuccessfulbuild" because "AlwaysCreate" was specified.
       ClCompile:
         c:\Program Files (x86)\Microsoft Visual Studio 10.0\VC\bin\CL.exe /c /ZI /nologo /W3 /WX- /Od /Oy- /D WIN32 /D _DEBUG /D _CONSOLE /D _UNICODE /D UNICODE /Gm /EHsc /RTC1 /MDd /GS /fp:precise /Zc:wchar_t /Zc:forScope /Fo"Debug\\" /Fd"Debug\vc100.pdb" /Gd /TC /analyze- /errorReport:prompt sample_readwrite.c
         sample_readwrite.c
     1>c:\projects\sample_readwrite\sample_readwrite\sample_readwrite\sample_readwrite.c(52): warning C4996: 'fopen': This function or variable may be unsafe. Consider using fopen_s instead. To disable deprecation, use _CRT_SECURE_NO_WARNINGS. See online help for details.
                 c:\program files (x86)\microsoft visual studio 10.0\vc\include\stdio.h(234) : see declaration of 'fopen'
     1>c:\projects\sample_readwrite\sample_readwrite\sample_readwrite\sample_readwrite.c(120): warning C4996: 'fopen': This function or variable may be unsafe. Consider using fopen_s instead. To disable deprecation, use _CRT_SECURE_NO_WARNINGS. See online help for details.
                 c:\program files (x86)\microsoft visual studio 10.0\vc\include\stdio.h(234) : see declaration of 'fopen'
       ManifestResourceCompile:
         All outputs are up-to-date.
       Link:
         c:\Program Files (x86)\Microsoft Visual Studio 10.0\VC\bin\link.exe /ERRORREPORT:PROMPT /OUT:"C:\Projects\sample_readwrite\sample_readwrite\Debug\sample_readwrite.exe" /INCREMENTAL /NOLOGO kernel32.lib user32.lib gdi32.lib winspool.lib comdlg32.lib advapi32.lib shell32.lib ole32.lib oleaut32.lib uuid.lib odbc32.lib odbccp32.lib /MANIFEST /ManifestFile:"Debug\sample_readwrite.exe.intermediate.manifest" /MANIFESTUAC:"level='asInvoker' uiAccess='false'" /DEBUG /PDB:"C:\Projects\sample_readwrite\sample_readwrite\Debug\sample_readwrite.pdb" /SUBSYSTEM:CONSOLE /TLBID:1 /DYNAMICBASE /NXCOMPAT /IMPLIB:"C:\Projects\sample_readwrite\sample_readwrite\Debug\sample_readwrite.lib" /MACHINE:X86 Debug\sample_readwrite.exe.embed.manifest.res
         Debug\sample_readwrite.obj
       Manifest:
         C:\Program Files (x86)\Microsoft SDKs\Windows\v7.0A\bin\mt.exe /nologo /verbose /out:"Debug\sample_readwrite.exe.embed.manifest" /manifest Debug\sample_readwrite.exe.intermediate.manifest
         All outputs are up-to-date.
       LinkEmbedManifest:
         All outputs are up-to-date.
         sample_readwrite.vcxproj -> C:\Projects\sample_readwrite\sample_readwrite\Debug\sample_readwrite.exe
       FinalizeBuildStatus:
         Deleting file "Debug\sample_readwrite.unsuccessfulbuild".
         Touching "Debug\sample_readwrite.lastbuildstate".
     1>Done Building Project "C:\Projects\sample_readwrite\sample_readwrite\sample_readwrite\sample_readwrite.vcxproj" (build target(s)).

Build succeeded.

Time Elapsed 00:00:03.20
